<?xml version="1.0" encoding="UTF-8"?>
<testsuite name="NumbersTest" tests="1" skipped="0" failures="0" errors="0" timestamp="2022-06-12T01:11:28" hostname="MINT-LAPTOP" time="3.814">
  <properties/>
  <testcase name="start" classname="NumbersTest" time="3.814"/>
  <system-out><![CDATA[?[1;31m
Start test 1?[0m
Welcome to Amazing Numbers!
Supported requests:
- enter a natural number to know its properties;
- enter two natural numbers to obtain the properties of the list:
  * the first parameter represents a starting number;
  * the second parameter shows how many consecutive numbers are to be processed;
- two natural numbers and a property to search for;
- two natural numbers and two properties to search for;
- a property preceded by minus must not be present in numbers;
- separate the parameters with one space;
- enter 0 to exit.
Enter a request: > 0
Goodbye!
?[1;31m
Start test 2?[0m
Welcome to Amazing Numbers!
Supported requests:
- enter a natural number to know its properties;
- enter two natural numbers to obtain the properties of the list:
  * the first parameter represents a starting number;
  * the second parameter shows how many consecutive numbers are to be processed;
- two natural numbers and a property to search for;
- two natural numbers and two properties to search for;
- a property preceded by minus must not be present in numbers;
- separate the parameters with one space;
- enter 0 to exit.
Enter a request: > -58
The first parameter should be a natural number or zero.
Enter a request: > 0
Goodbye!
?[1;31m
Start test 3?[0m
Welcome to Amazing Numbers!
Supported requests:
- enter a natural number to know its properties;
- enter two natural numbers to obtain the properties of the list:
  * the first parameter represents a starting number;
  * the second parameter shows how many consecutive numbers are to be processed;
- two natural numbers and a property to search for;
- two natural numbers and two properties to search for;
- a property preceded by minus must not be present in numbers;
- separate the parameters with one space;
- enter 0 to exit.
Enter a request: > -100
The first parameter should be a natural number or zero.
Enter a request: > 0
Goodbye!
?[1;31m
Start test 4?[0m
Welcome to Amazing Numbers!
Supported requests:
- enter a natural number to know its properties;
- enter two natural numbers to obtain the properties of the list:
  * the first parameter represents a starting number;
  * the second parameter shows how many consecutive numbers are to be processed;
- two natural numbers and a property to search for;
- two natural numbers and two properties to search for;
- a property preceded by minus must not be present in numbers;
- separate the parameters with one space;
- enter 0 to exit.
Enter a request: > -48
The first parameter should be a natural number or zero.
Enter a request: > 0
Goodbye!
?[1;31m
Start test 5?[0m
Welcome to Amazing Numbers!
Supported requests:
- enter a natural number to know its properties;
- enter two natural numbers to obtain the properties of the list:
  * the first parameter represents a starting number;
  * the second parameter shows how many consecutive numbers are to be processed;
- two natural numbers and a property to search for;
- two natural numbers and two properties to search for;
- a property preceded by minus must not be present in numbers;
- separate the parameters with one space;
- enter 0 to exit.
Enter a request: > -119
The first parameter should be a natural number or zero.
Enter a request: > 0
Goodbye!
?[1;31m
Start test 6?[0m
Welcome to Amazing Numbers!
Supported requests:
- enter a natural number to know its properties;
- enter two natural numbers to obtain the properties of the list:
  * the first parameter represents a starting number;
  * the second parameter shows how many consecutive numbers are to be processed;
- two natural numbers and a property to search for;
- two natural numbers and two properties to search for;
- a property preceded by minus must not be present in numbers;
- separate the parameters with one space;
- enter 0 to exit.
Enter a request: > -114
The first parameter should be a natural number or zero.
Enter a request: > 0
Goodbye!
?[1;31m
Start test 7?[0m
Welcome to Amazing Numbers!
Supported requests:
- enter a natural number to know its properties;
- enter two natural numbers to obtain the properties of the list:
  * the first parameter represents a starting number;
  * the second parameter shows how many consecutive numbers are to be processed;
- two natural numbers and a property to search for;
- two natural numbers and two properties to search for;
- a property preceded by minus must not be present in numbers;
- separate the parameters with one space;
- enter 0 to exit.
Enter a request: > 26225 -16941
The second parameter should be a natural number.
Enter a request: > 0
Goodbye!
?[1;31m
Start test 8?[0m
Welcome to Amazing Numbers!
Supported requests:
- enter a natural number to know its properties;
- enter two natural numbers to obtain the properties of the list:
  * the first parameter represents a starting number;
  * the second parameter shows how many consecutive numbers are to be processed;
- two natural numbers and a property to search for;
- two natural numbers and two properties to search for;
- a property preceded by minus must not be present in numbers;
- separate the parameters with one space;
- enter 0 to exit.
Enter a request: > 2771 -25441
The second parameter should be a natural number.
Enter a request: > 0
Goodbye!
?[1;31m
Start test 9?[0m
Welcome to Amazing Numbers!
Supported requests:
- enter a natural number to know its properties;
- enter two natural numbers to obtain the properties of the list:
  * the first parameter represents a starting number;
  * the second parameter shows how many consecutive numbers are to be processed;
- two natural numbers and a property to search for;
- two natural numbers and two properties to search for;
- a property preceded by minus must not be present in numbers;
- separate the parameters with one space;
- enter 0 to exit.
Enter a request: > 24620 -29455
The second parameter should be a natural number.
Enter a request: > 0
Goodbye!
?[1;31m
Start test 10?[0m
Welcome to Amazing Numbers!
Supported requests:
- enter a natural number to know its properties;
- enter two natural numbers to obtain the properties of the list:
  * the first parameter represents a starting number;
  * the second parameter shows how many consecutive numbers are to be processed;
- two natural numbers and a property to search for;
- two natural numbers and two properties to search for;
- a property preceded by minus must not be present in numbers;
- separate the parameters with one space;
- enter 0 to exit.
Enter a request: > 28683 -4630
The second parameter should be a natural number.
Enter a request: > 0
Goodbye!
?[1;31m
Start test 11?[0m
Welcome to Amazing Numbers!
Supported requests:
- enter a natural number to know its properties;
- enter two natural numbers to obtain the properties of the list:
  * the first parameter represents a starting number;
  * the second parameter shows how many consecutive numbers are to be processed;
- two natural numbers and a property to search for;
- two natural numbers and two properties to search for;
- a property preceded by minus must not be present in numbers;
- separate the parameters with one space;
- enter 0 to exit.
Enter a request: > 26530 -4090
The second parameter should be a natural number.
Enter a request: > 0
Goodbye!
?[1;31m
Start test 12?[0m
Welcome to Amazing Numbers!
Supported requests:
- enter a natural number to know its properties;
- enter two natural numbers to obtain the properties of the list:
  * the first parameter represents a starting number;
  * the second parameter shows how many consecutive numbers are to be processed;
- two natural numbers and a property to search for;
- two natural numbers and two properties to search for;
- a property preceded by minus must not be present in numbers;
- separate the parameters with one space;
- enter 0 to exit.
Enter a request: > 7863 -10290
The second parameter should be a natural number.
Enter a request: > 0
Goodbye!
?[1;31m
Start test 13?[0m
Welcome to Amazing Numbers!
Supported requests:
- enter a natural number to know its properties;
- enter two natural numbers to obtain the properties of the list:
  * the first parameter represents a starting number;
  * the second parameter shows how many consecutive numbers are to be processed;
- two natural numbers and a property to search for;
- two natural numbers and two properties to search for;
- a property preceded by minus must not be present in numbers;
- separate the parameters with one space;
- enter 0 to exit.
Enter a request: > 8807 -8343
The second parameter should be a natural number.
Enter a request: > 0
Goodbye!
?[1;31m
Start test 14?[0m
Welcome to Amazing Numbers!
Supported requests:
- enter a natural number to know its properties;
- enter two natural numbers to obtain the properties of the list:
  * the first parameter represents a starting number;
  * the second parameter shows how many consecutive numbers are to be processed;
- two natural numbers and a property to search for;
- two natural numbers and two properties to search for;
- a property preceded by minus must not be present in numbers;
- separate the parameters with one space;
- enter 0 to exit.
Enter a request: > 4205 -14720
The second parameter should be a natural number.
Enter a request: > 0
Goodbye!
?[1;31m
Start test 15?[0m
Welcome to Amazing Numbers!
Supported requests:
- enter a natural number to know its properties;
- enter two natural numbers to obtain the properties of the list:
  * the first parameter represents a starting number;
  * the second parameter shows how many consecutive numbers are to be processed;
- two natural numbers and a property to search for;
- two natural numbers and two properties to search for;
- a property preceded by minus must not be present in numbers;
- separate the parameters with one space;
- enter 0 to exit.
Enter a request: > 3522 -8283
The second parameter should be a natural number.
Enter a request: > 0
Goodbye!
?[1;31m
Start test 16?[0m
Welcome to Amazing Numbers!
Supported requests:
- enter a natural number to know its properties;
- enter two natural numbers to obtain the properties of the list:
  * the first parameter represents a starting number;
  * the second parameter shows how many consecutive numbers are to be processed;
- two natural numbers and a property to search for;
- two natural numbers and two properties to search for;
- a property preceded by minus must not be present in numbers;
- separate the parameters with one space;
- enter 0 to exit.
Enter a request: > 17881 -28570
The second parameter should be a natural number.
Enter a request: > 0
Goodbye!
?[1;31m
Start test 17?[0m
Welcome to Amazing Numbers!
Supported requests:
- enter a natural number to know its properties;
- enter two natural numbers to obtain the properties of the list:
  * the first parameter represents a starting number;
  * the second parameter shows how many consecutive numbers are to be processed;
- two natural numbers and a property to search for;
- two natural numbers and two properties to search for;
- a property preceded by minus must not be present in numbers;
- separate the parameters with one space;
- enter 0 to exit.
Enter a request: > 1
Properties of 1
	even: false
	odd: true
	buzz: false
	duck: false
	palindromic: true
	gapful: false
	spy: true
	sunny: false
	square: true
	jumping: true
	happy: true
	sad: false
Enter a request: > 2
Properties of 2
	even: true
	odd: false
	buzz: false
	duck: false
	palindromic: true
	gapful: false
	spy: true
	sunny: false
	square: false
	jumping: true
	happy: false
	sad: true
Enter a request: > 3
Properties of 3
	even: false
	odd: true
	buzz: false
	duck: false
	palindromic: true
	gapful: false
	spy: true
	sunny: true
	square: false
	jumping: true
	happy: false
	sad: true
Enter a request: > 4
Properties of 4
	even: true
	odd: false
	buzz: false
	duck: false
	palindromic: true
	gapful: false
	spy: true
	sunny: false
	square: true
	jumping: true
	happy: false
	sad: true
Enter a request: > 5
Properties of 5
	even: false
	odd: true
	buzz: false
	duck: false
	palindromic: true
	gapful: false
	spy: true
	sunny: false
	square: false
	jumping: true
	happy: false
	sad: true
Enter a request: > 6
Properties of 6
	even: true
	odd: false
	buzz: false
	duck: false
	palindromic: true
	gapful: false
	spy: true
	sunny: false
	square: false
	jumping: true
	happy: false
	sad: true
Enter a request: > 7
Properties of 7
	even: false
	odd: true
	buzz: true
	duck: false
	palindromic: true
	gapful: false
	spy: true
	sunny: false
	square: false
	jumping: true
	happy: true
	sad: false
Enter a request: > 8
Properties of 8
	even: true
	odd: false
	buzz: false
	duck: false
	palindromic: true
	gapful: false
	spy: true
	sunny: true
	square: false
	jumping: true
	happy: false
	sad: true
Enter a request: > 9
Properties of 9
	even: false
	odd: true
	buzz: false
	duck: false
	palindromic: true
	gapful: false
	spy: true
	sunny: false
	square: true
	jumping: true
	happy: false
	sad: true
Enter a request: > 10
Properties of 10
	even: true
	odd: false
	buzz: false
	duck: true
	palindromic: false
	gapful: false
	spy: false
	sunny: false
	square: false
	jumping: true
	happy: true
	sad: false
Enter a request: > 11
Properties of 11
	even: false
	odd: true
	buzz: false
	duck: false
	palindromic: true
	gapful: false
	spy: false
	sunny: false
	square: false
	jumping: false
	happy: false
	sad: true
Enter a request: > 12
Properties of 12
	even: true
	odd: false
	buzz: false
	duck: false
	palindromic: false
	gapful: false
	spy: false
	sunny: false
	square: false
	jumping: true
	happy: false
	sad: true
Enter a request: > 13
Properties of 13
	even: false
	odd: true
	buzz: false
	duck: false
	palindromic: false
	gapful: false
	spy: false
	sunny: false
	square: false
	jumping: false
	happy: true
	sad: false
Enter a request: > 14
Properties of 14
	even: true
	odd: false
	buzz: true
	duck: false
	palindromic: false
	gapful: false
	spy: false
	sunny: false
	square: false
	jumping: false
	happy: false
	sad: true
Enter a request: > 9146905075055736814
Properties of 9146905075055736814
	even: true
	odd: false
	buzz: true
	duck: true
	palindromic: false
	gapful: false
	spy: false
	sunny: false
	square: false
	jumping: false
	happy: false
	sad: true
Enter a request: > 436172260986463787
Properties of 436172260986463787
	even: false
	odd: true
	buzz: true
	duck: true
	palindromic: false
	gapful: true
	spy: false
	sunny: false
	square: false
	jumping: false
	happy: false
	sad: true
Enter a request: > 1845943028409993661
Properties of 1845943028409993661
	even: false
	odd: true
	buzz: false
	duck: true
	palindromic: false
	gapful: false
	spy: false
	sunny: false
	square: false
	jumping: false
	happy: false
	sad: true
Enter a request: > 6961639893988533077
Properties of 6961639893988533077
	even: false
	odd: true
	buzz: true
	duck: true
	palindromic: false
	gapful: false
	spy: false
	sunny: false
	square: false
	jumping: false
	happy: true
	sad: false
Enter a request: > 5744041651996484217
Properties of 5744041651996484217
	even: false
	odd: true
	buzz: true
	duck: true
	palindromic: false
	gapful: false
	spy: false
	sunny: false
	square: false
	jumping: false
	happy: false
	sad: true
Enter a request: > 8649339844053960179
Properties of 8649339844053960179
	even: false
	odd: true
	buzz: false
	duck: true
	palindromic: false
	gapful: false
	spy: false
	sunny: false
	square: false
	jumping: false
	happy: false
	sad: true
Enter a request: > 1830008478798320569
Properties of 1830008478798320569
	even: false
	odd: true
	buzz: true
	duck: true
	palindromic: false
	gapful: false
	spy: false
	sunny: false
	square: false
	jumping: false
	happy: false
	sad: true
Enter a request: > 5828197911610303290
Properties of 5828197911610303290
	even: true
	odd: false
	buzz: false
	duck: true
	palindromic: false
	gapful: false
	spy: false
	sunny: false
	square: false
	jumping: false
	happy: false
	sad: true
Enter a request: > 2329231682532745972
Properties of 2329231682532745972
	even: true
	odd: false
	buzz: false
	duck: false
	palindromic: false
	gapful: false
	spy: false
	sunny: false
	square: false
	jumping: false
	happy: true
	sad: false
Enter a request: > 5758672338833173856
Properties of 5758672338833173856
	even: true
	odd: false
	buzz: false
	duck: false
	palindromic: false
	gapful: false
	spy: false
	sunny: false
	square: false
	jumping: false
	happy: false
	sad: true
Enter a request: > 0
Goodbye!
?[1;31m
Start test 18?[0m
Welcome to Amazing Numbers!
Supported requests:
- enter a natural number to know its properties;
- enter two natural numbers to obtain the properties of the list:
  * the first parameter represents a starting number;
  * the second parameter shows how many consecutive numbers are to be processed;
- two natural numbers and a property to search for;
- two natural numbers and two properties to search for;
- a property preceded by minus must not be present in numbers;
- separate the parameters with one space;
- enter 0 to exit.
Enter a request: > 1 15
1 is odd, palindromic, spy, square, jumping, happy
2 is even, palindromic, spy, jumping, sad
3 is odd, palindromic, spy, sunny, jumping, sad
4 is even, palindromic, spy, square, jumping, sad
5 is odd, palindromic, spy, jumping, sad
6 is even, palindromic, spy, jumping, sad
7 is odd, buzz, palindromic, spy, jumping, happy
8 is even, palindromic, spy, sunny, jumping, sad
9 is odd, palindromic, spy, square, jumping, sad
10 is even, duck, jumping, happy
11 is odd, palindromic, sad
12 is even, jumping, sad
13 is odd, happy
14 is even, buzz, sad
15 is odd, sunny, sad
Enter a request: > 0
Goodbye!
?[1;31m
Start test 19?[0m
Welcome to Amazing Numbers!
Supported requests:
- enter a natural number to know its properties;
- enter two natural numbers to obtain the properties of the list:
  * the first parameter represents a starting number;
  * the second parameter shows how many consecutive numbers are to be processed;
- two natural numbers and a property to search for;
- two natural numbers and two properties to search for;
- a property preceded by minus must not be present in numbers;
- separate the parameters with one space;
- enter 0 to exit.
Enter a request: > 2809643582308496339 17
2809643582308496339 is odd, buzz, duck, happy
2809643582308496340 is even, duck, gapful, sad
2809643582308496341 is odd, duck, sad
2809643582308496342 is even, duck, sad
2809643582308496343 is odd, duck, sad
2809643582308496344 is even, duck, sad
2809643582308496345 is odd, duck, sad
2809643582308496346 is even, buzz, duck, sad
2809643582308496347 is odd, buzz, duck, sad
2809643582308496348 is even, duck, sad
2809643582308496349 is odd, duck, sad
2809643582308496350 is even, duck, sad
2809643582308496351 is odd, duck, sad
2809643582308496352 is even, duck, sad
2809643582308496353 is odd, buzz, duck, sad
2809643582308496354 is even, duck, sad
2809643582308496355 is odd, duck, sad
Enter a request: > 0
Goodbye!
?[1;31m
Start test 20?[0m
Welcome to Amazing Numbers!
Supported requests:
- enter a natural number to know its properties;
- enter two natural numbers to obtain the properties of the list:
  * the first parameter represents a starting number;
  * the second parameter shows how many consecutive numbers are to be processed;
- two natural numbers and a property to search for;
- two natural numbers and two properties to search for;
- a property preceded by minus must not be present in numbers;
- separate the parameters with one space;
- enter 0 to exit.
Enter a request: > 4528403063274762337 20
4528403063274762337 is odd, buzz, duck, happy
4528403063274762338 is even, duck, sad
4528403063274762339 is odd, duck, sad
4528403063274762340 is even, duck, happy
4528403063274762341 is odd, duck, sad
4528403063274762342 is even, duck, sad
4528403063274762343 is odd, buzz, duck, sad
4528403063274762344 is even, duck, sad
4528403063274762345 is odd, duck, sad
4528403063274762346 is even, duck, sad
4528403063274762347 is odd, buzz, duck, sad
4528403063274762348 is even, duck, sad
4528403063274762349 is odd, duck, sad
4528403063274762350 is even, buzz, duck, sad
4528403063274762351 is odd, duck, sad
4528403063274762352 is even, duck, sad
4528403063274762353 is odd, duck, sad
4528403063274762354 is even, duck, sad
4528403063274762355 is odd, duck, sad
4528403063274762356 is even, duck, sad
Enter a request: > 0
Goodbye!
?[1;31m
Start test 21?[0m
Welcome to Amazing Numbers!
Supported requests:
- enter a natural number to know its properties;
- enter two natural numbers to obtain the properties of the list:
  * the first parameter represents a starting number;
  * the second parameter shows how many consecutive numbers are to be processed;
- two natural numbers and a property to search for;
- two natural numbers and two properties to search for;
- a property preceded by minus must not be present in numbers;
- separate the parameters with one space;
- enter 0 to exit.
Enter a request: > 4680858978460280343 4
4680858978460280343 is odd, buzz, duck, happy
4680858978460280344 is even, duck, sad
4680858978460280345 is odd, duck, sad
4680858978460280346 is even, duck, happy
Enter a request: > 0
Goodbye!
?[1;31m
Start test 22?[0m
Welcome to Amazing Numbers!
Supported requests:
- enter a natural number to know its properties;
- enter two natural numbers to obtain the properties of the list:
  * the first parameter represents a starting number;
  * the second parameter shows how many consecutive numbers are to be processed;
- two natural numbers and a property to search for;
- two natural numbers and two properties to search for;
- a property preceded by minus must not be present in numbers;
- separate the parameters with one space;
- enter 0 to exit.
Enter a request: > 3375724851667819153 14
3375724851667819153 is odd, sad
3375724851667819154 is even, buzz, sad
3375724851667819155 is odd, sad
3375724851667819156 is even, sad
3375724851667819157 is odd, buzz, sad
3375724851667819158 is even, happy
3375724851667819159 is odd, sad
3375724851667819160 is even, duck, sad
3375724851667819161 is odd, buzz, happy
3375724851667819162 is even, sad
3375724851667819163 is odd, sad
3375724851667819164 is even, sad
3375724851667819165 is odd, sad
3375724851667819166 is even, sad
Enter a request: > 0
Goodbye!
?[1;31m
Start test 23?[0m
Welcome to Amazing Numbers!
Supported requests:
- enter a natural number to know its properties;
- enter two natural numbers to obtain the properties of the list:
  * the first parameter represents a starting number;
  * the second parameter shows how many consecutive numbers are to be processed;
- two natural numbers and a property to search for;
- two natural numbers and two properties to search for;
- a property preceded by minus must not be present in numbers;
- separate the parameters with one space;
- enter 0 to exit.
Enter a request: > 8565723338775671279 4
8565723338775671279 is odd, happy
8565723338775671280 is even, duck, gapful, sad
8565723338775671281 is odd, sad
8565723338775671282 is even, sad
Enter a request: > 0
Goodbye!
?[1;31m
Start test 24?[0m
Welcome to Amazing Numbers!
Supported requests:
- enter a natural number to know its properties;
- enter two natural numbers to obtain the properties of the list:
  * the first parameter represents a starting number;
  * the second parameter shows how many consecutive numbers are to be processed;
- two natural numbers and a property to search for;
- two natural numbers and two properties to search for;
- a property preceded by minus must not be present in numbers;
- separate the parameters with one space;
- enter 0 to exit.
Enter a request: > 6040608137859556912 15
6040608137859556912 is even, buzz, duck, sad
6040608137859556913 is odd, duck, sad
6040608137859556914 is even, duck, happy
6040608137859556915 is odd, duck, sad
6040608137859556916 is even, duck, sad
6040608137859556917 is odd, buzz, duck, sad
6040608137859556918 is even, duck, sad
6040608137859556919 is odd, buzz, duck, sad
6040608137859556920 is even, duck, gapful, sad
6040608137859556921 is odd, duck, sad
6040608137859556922 is even, duck, happy
6040608137859556923 is odd, duck, sad
6040608137859556924 is even, duck, sad
6040608137859556925 is odd, duck, sad
6040608137859556926 is even, buzz, duck, sad
Enter a request: > 0
Goodbye!
?[1;31m
Start test 25?[0m
Welcome to Amazing Numbers!
Supported requests:
- enter a natural number to know its properties;
- enter two natural numbers to obtain the properties of the list:
  * the first parameter represents a starting number;
  * the second parameter shows how many consecutive numbers are to be processed;
- two natural numbers and a property to search for;
- two natural numbers and two properties to search for;
- a property preceded by minus must not be present in numbers;
- separate the parameters with one space;
- enter 0 to exit.
Enter a request: > 4466163401620070337 18
4466163401620070337 is odd, buzz, duck, sad
4466163401620070338 is even, duck, happy
4466163401620070339 is odd, buzz, duck, sad
4466163401620070340 is even, duck, sad
4466163401620070341 is odd, duck, sad
4466163401620070342 is even, duck, sad
4466163401620070343 is odd, duck, sad
4466163401620070344 is even, duck, sad
4466163401620070345 is odd, duck, sad
4466163401620070346 is even, buzz, duck, sad
4466163401620070347 is odd, buzz, duck, sad
4466163401620070348 is even, duck, sad
4466163401620070349 is odd, duck, happy
4466163401620070350 is even, duck, sad
4466163401620070351 is odd, duck, happy
4466163401620070352 is even, duck, sad
4466163401620070353 is odd, buzz, duck, sad
4466163401620070354 is even, duck, sad
Enter a request: > 0
Goodbye!
?[1;31m
Start test 26?[0m
Welcome to Amazing Numbers!
Supported requests:
- enter a natural number to know its properties;
- enter two natural numbers to obtain the properties of the list:
  * the first parameter represents a starting number;
  * the second parameter shows how many consecutive numbers are to be processed;
- two natural numbers and a property to search for;
- two natural numbers and two properties to search for;
- a property preceded by minus must not be present in numbers;
- separate the parameters with one space;
- enter 0 to exit.
Enter a request: > 8192278877868298748 14
8192278877868298748 is even, sad
8192278877868298749 is odd, happy
8192278877868298750 is even, duck, sad
8192278877868298751 is odd, sad
8192278877868298752 is even, buzz, happy
8192278877868298753 is odd, sad
8192278877868298754 is even, sad
8192278877868298755 is odd, sad
8192278877868298756 is even, sad
8192278877868298757 is odd, buzz, sad
8192278877868298758 is even, sad
8192278877868298759 is odd, buzz, sad
8192278877868298760 is even, duck, sad
8192278877868298761 is odd, sad
Enter a request: > 0
Goodbye!
?[1;31m
Start test 27?[0m
Welcome to Amazing Numbers!
Supported requests:
- enter a natural number to know its properties;
- enter two natural numbers to obtain the properties of the list:
  * the first parameter represents a starting number;
  * the second parameter shows how many consecutive numbers are to be processed;
- two natural numbers and a property to search for;
- two natural numbers and two properties to search for;
- a property preceded by minus must not be present in numbers;
- separate the parameters with one space;
- enter 0 to exit.
Enter a request: > 8924865796662048442 16
8924865796662048442 is even, duck, sad
8924865796662048443 is odd, buzz, duck, happy
8924865796662048444 is even, duck, sad
8924865796662048445 is odd, duck, sad
8924865796662048446 is even, duck, happy
8924865796662048447 is odd, buzz, duck, sad
8924865796662048448 is even, duck, sad
8924865796662048449 is odd, duck, sad
8924865796662048450 is even, buzz, duck, happy
8924865796662048451 is odd, duck, sad
8924865796662048452 is even, duck, sad
8924865796662048453 is odd, duck, sad
8924865796662048454 is even, duck, sad
8924865796662048455 is odd, duck, sad
8924865796662048456 is even, duck, sad
8924865796662048457 is odd, buzz, duck, sad
Enter a request: > 0
Goodbye!
?[1;31m
Start test 28?[0m
Welcome to Amazing Numbers!
Supported requests:
- enter a natural number to know its properties;
- enter two natural numbers to obtain the properties of the list:
  * the first parameter represents a starting number;
  * the second parameter shows how many consecutive numbers are to be processed;
- two natural numbers and a property to search for;
- two natural numbers and two properties to search for;
- a property preceded by minus must not be present in numbers;
- separate the parameters with one space;
- enter 0 to exit.
Enter a request: > 6251076327477643079 12
6251076327477643079 is odd, duck, sad
6251076327477643080 is even, duck, gapful, sad
6251076327477643081 is odd, buzz, duck, sad
6251076327477643082 is even, duck, sad
6251076327477643083 is odd, duck, sad
6251076327477643084 is even, duck, sad
6251076327477643085 is odd, duck, sad
6251076327477643086 is even, duck, sad
6251076327477643087 is odd, buzz, duck, sad
6251076327477643088 is even, buzz, duck, sad
6251076327477643089 is odd, duck, sad
6251076327477643090 is even, duck, happy
Enter a request: > 0
Goodbye!
?[1;31m
Start test 29?[0m
Welcome to Amazing Numbers!
Supported requests:
- enter a natural number to know its properties;
- enter two natural numbers to obtain the properties of the list:
  * the first parameter represents a starting number;
  * the second parameter shows how many consecutive numbers are to be processed;
- two natural numbers and a property to search for;
- two natural numbers and two properties to search for;
- a property preceded by minus must not be present in numbers;
- separate the parameters with one space;
- enter 0 to exit.
Enter a request: > 1 10 May
The property [MAY] is wrong.
Available properties: [EVEN, ODD, BUZZ, DUCK, PALINDROMIC, GAPFUL, SPY, SUNNY, SQUARE, JUMPING, HAPPY, SAD]
Enter a request: > 0
Goodbye!
?[1;31m
Start test 30?[0m
Welcome to Amazing Numbers!
Supported requests:
- enter a natural number to know its properties;
- enter two natural numbers to obtain the properties of the list:
  * the first parameter represents a starting number;
  * the second parameter shows how many consecutive numbers are to be processed;
- two natural numbers and a property to search for;
- two natural numbers and two properties to search for;
- a property preceded by minus must not be present in numbers;
- separate the parameters with one space;
- enter 0 to exit.
Enter a request: > 40 2 bay
The property [BAY] is wrong.
Available properties: [EVEN, ODD, BUZZ, DUCK, PALINDROMIC, GAPFUL, SPY, SUNNY, SQUARE, JUMPING, HAPPY, SAD]
Enter a request: > 0
Goodbye!
?[1;31m
Start test 31?[0m
Welcome to Amazing Numbers!
Supported requests:
- enter a natural number to know its properties;
- enter two natural numbers to obtain the properties of the list:
  * the first parameter represents a starting number;
  * the second parameter shows how many consecutive numbers are to be processed;
- two natural numbers and a property to search for;
- two natural numbers and two properties to search for;
- a property preceded by minus must not be present in numbers;
- separate the parameters with one space;
- enter 0 to exit.
Enter a request: > 37 4 8
The property [8] is wrong.
Available properties: [EVEN, ODD, BUZZ, DUCK, PALINDROMIC, GAPFUL, SPY, SUNNY, SQUARE, JUMPING, HAPPY, SAD]
Enter a request: > 0
Goodbye!
?[1;31m
Start test 32?[0m
Welcome to Amazing Numbers!
Supported requests:
- enter a natural number to know its properties;
- enter two natural numbers to obtain the properties of the list:
  * the first parameter represents a starting number;
  * the second parameter shows how many consecutive numbers are to be processed;
- two natural numbers and a property to search for;
- two natural numbers and two properties to search for;
- a property preceded by minus must not be present in numbers;
- separate the parameters with one space;
- enter 0 to exit.
Enter a request: > 67 2 day
The property [DAY] is wrong.
Available properties: [EVEN, ODD, BUZZ, DUCK, PALINDROMIC, GAPFUL, SPY, SUNNY, SQUARE, JUMPING, HAPPY, SAD]
Enter a request: > 0
Goodbye!
?[1;31m
Start test 33?[0m
Welcome to Amazing Numbers!
Supported requests:
- enter a natural number to know its properties;
- enter two natural numbers to obtain the properties of the list:
  * the first parameter represents a starting number;
  * the second parameter shows how many consecutive numbers are to be processed;
- two natural numbers and a property to search for;
- two natural numbers and two properties to search for;
- a property preceded by minus must not be present in numbers;
- separate the parameters with one space;
- enter 0 to exit.
Enter a request: > 2 54 Prime
The property [PRIME] is wrong.
Available properties: [EVEN, ODD, BUZZ, DUCK, PALINDROMIC, GAPFUL, SPY, SUNNY, SQUARE, JUMPING, HAPPY, SAD]
Enter a request: > 0
Goodbye!
?[1;31m
Start test 34?[0m
Welcome to Amazing Numbers!
Supported requests:
- enter a natural number to know its properties;
- enter two natural numbers to obtain the properties of the list:
  * the first parameter represents a starting number;
  * the second parameter shows how many consecutive numbers are to be processed;
- two natural numbers and a property to search for;
- two natural numbers and two properties to search for;
- a property preceded by minus must not be present in numbers;
- separate the parameters with one space;
- enter 0 to exit.
Enter a request: > 6 8 ...
The property [...] is wrong.
Available properties: [EVEN, ODD, BUZZ, DUCK, PALINDROMIC, GAPFUL, SPY, SUNNY, SQUARE, JUMPING, HAPPY, SAD]
Enter a request: > 0
Goodbye!
?[1;31m
Start test 35?[0m
Welcome to Amazing Numbers!
Supported requests:
- enter a natural number to know its properties;
- enter two natural numbers to obtain the properties of the list:
  * the first parameter represents a starting number;
  * the second parameter shows how many consecutive numbers are to be processed;
- two natural numbers and a property to search for;
- two natural numbers and two properties to search for;
- a property preceded by minus must not be present in numbers;
- separate the parameters with one space;
- enter 0 to exit.
Enter a request: > 5 9 none
The property [NONE] is wrong.
Available properties: [EVEN, ODD, BUZZ, DUCK, PALINDROMIC, GAPFUL, SPY, SUNNY, SQUARE, JUMPING, HAPPY, SAD]
Enter a request: > 0
Goodbye!
?[1;31m
Start test 36?[0m
Welcome to Amazing Numbers!
Supported requests:
- enter a natural number to know its properties;
- enter two natural numbers to obtain the properties of the list:
  * the first parameter represents a starting number;
  * the second parameter shows how many consecutive numbers are to be processed;
- two natural numbers and a property to search for;
- two natural numbers and two properties to search for;
- a property preceded by minus must not be present in numbers;
- separate the parameters with one space;
- enter 0 to exit.
Enter a request: > 1 10 EVEN
2 is even, palindromic, spy, jumping, sad
4 is even, palindromic, spy, square, jumping, sad
6 is even, palindromic, spy, jumping, sad
8 is even, palindromic, spy, sunny, jumping, sad
10 is even, duck, jumping, happy
12 is even, jumping, sad
14 is even, buzz, sad
16 is even, square, sad
18 is even, sad
20 is even, duck, sad
Enter a request: > 1 10 ODD
1 is odd, palindromic, spy, square, jumping, happy
3 is odd, palindromic, spy, sunny, jumping, sad
5 is odd, palindromic, spy, jumping, sad
7 is odd, buzz, palindromic, spy, jumping, happy
9 is odd, palindromic, spy, square, jumping, sad
11 is odd, palindromic, sad
13 is odd, happy
15 is odd, sunny, sad
17 is odd, buzz, sad
19 is odd, happy
Enter a request: > 1 10 BUZZ
7 is odd, buzz, palindromic, spy, jumping, happy
14 is even, buzz, sad
17 is odd, buzz, sad
21 is odd, buzz, jumping, sad
27 is odd, buzz, sad
28 is even, buzz, happy
35 is odd, buzz, sunny, sad
37 is odd, buzz, sad
42 is even, buzz, sad
47 is odd, buzz, sad
Enter a request: > 1 10 DUCK
10 is even, duck, jumping, happy
20 is even, duck, sad
30 is even, duck, sad
40 is even, duck, sad
50 is even, duck, sad
60 is even, duck, sad
70 is even, buzz, duck, happy
80 is even, duck, sunny, sad
90 is even, duck, sad
100 is even, duck, gapful, square, happy
Enter a request: > 1 10 PALINDROMIC
1 is odd, palindromic, spy, square, jumping, happy
2 is even, palindromic, spy, jumping, sad
3 is odd, palindromic, spy, sunny, jumping, sad
4 is even, palindromic, spy, square, jumping, sad
5 is odd, palindromic, spy, jumping, sad
6 is even, palindromic, spy, jumping, sad
7 is odd, buzz, palindromic, spy, jumping, happy
8 is even, palindromic, spy, sunny, jumping, sad
9 is odd, palindromic, spy, square, jumping, sad
11 is odd, palindromic, sad
Enter a request: > 1 10 GAPFUL
100 is even, duck, gapful, square, happy
105 is odd, buzz, duck, gapful, sad
108 is even, duck, gapful, sad
110 is even, duck, gapful, sad
120 is even, duck, gapful, sunny, sad
121 is odd, palindromic, gapful, square, jumping, sad
130 is even, duck, gapful, happy
132 is even, gapful, spy, sad
135 is odd, gapful, sad
140 is even, buzz, duck, gapful, sad
Enter a request: > 1 10 SPY
1 is odd, palindromic, spy, square, jumping, happy
2 is even, palindromic, spy, jumping, sad
3 is odd, palindromic, spy, sunny, jumping, sad
4 is even, palindromic, spy, square, jumping, sad
5 is odd, palindromic, spy, jumping, sad
6 is even, palindromic, spy, jumping, sad
7 is odd, buzz, palindromic, spy, jumping, happy
8 is even, palindromic, spy, sunny, jumping, sad
9 is odd, palindromic, spy, square, jumping, sad
22 is even, palindromic, spy, sad
Enter a request: > 1 10 SQUARE
1 is odd, palindromic, spy, square, jumping, happy
4 is even, palindromic, spy, square, jumping, sad
9 is odd, palindromic, spy, square, jumping, sad
16 is even, square, sad
25 is odd, square, sad
36 is even, square, sad
49 is odd, buzz, square, happy
64 is even, square, sad
81 is odd, square, sad
100 is even, duck, gapful, square, happy
Enter a request: > 1 10 SUNNY
3 is odd, palindromic, spy, sunny, jumping, sad
8 is even, palindromic, spy, sunny, jumping, sad
15 is odd, sunny, sad
24 is even, sunny, sad
35 is odd, buzz, sunny, sad
48 is even, sunny, sad
63 is odd, buzz, sunny, sad
80 is even, duck, sunny, sad
99 is odd, palindromic, sunny, sad
120 is even, duck, gapful, sunny, sad
Enter a request: > 1 10 JUMPING
1 is odd, palindromic, spy, square, jumping, happy
2 is even, palindromic, spy, jumping, sad
3 is odd, palindromic, spy, sunny, jumping, sad
4 is even, palindromic, spy, square, jumping, sad
5 is odd, palindromic, spy, jumping, sad
6 is even, palindromic, spy, jumping, sad
7 is odd, buzz, palindromic, spy, jumping, happy
8 is even, palindromic, spy, sunny, jumping, sad
9 is odd, palindromic, spy, square, jumping, sad
10 is even, duck, jumping, happy
Enter a request: > 1 10 HAPPY
1 is odd, palindromic, spy, square, jumping, happy
7 is odd, buzz, palindromic, spy, jumping, happy
10 is even, duck, jumping, happy
13 is odd, happy
19 is odd, happy
23 is odd, jumping, happy
28 is even, buzz, happy
31 is odd, happy
32 is even, jumping, happy
44 is even, palindromic, happy
Enter a request: > 1 10 SAD
2 is even, palindromic, spy, jumping, sad
3 is odd, palindromic, spy, sunny, jumping, sad
4 is even, palindromic, spy, square, jumping, sad
5 is odd, palindromic, spy, jumping, sad
6 is even, palindromic, spy, jumping, sad
8 is even, palindromic, spy, sunny, jumping, sad
9 is odd, palindromic, spy, square, jumping, sad
11 is odd, palindromic, sad
12 is even, jumping, sad
14 is even, buzz, sad
Enter a request: > 0
Goodbye!
?[1;31m
Start test 37?[0m
Welcome to Amazing Numbers!
Supported requests:
- enter a natural number to know its properties;
- enter two natural numbers to obtain the properties of the list:
  * the first parameter represents a starting number;
  * the second parameter shows how many consecutive numbers are to be processed;
- two natural numbers and a property to search for;
- two natural numbers and two properties to search for;
- a property preceded by minus must not be present in numbers;
- separate the parameters with one space;
- enter 0 to exit.
Enter a request: > 32385 2 PALINDROMIC
32423 is odd, palindromic, sad
32523 is odd, palindromic, sad
Enter a request: > 0
Goodbye!
?[1;31m
Start test 38?[0m
Welcome to Amazing Numbers!
Supported requests:
- enter a natural number to know its properties;
- enter two natural numbers to obtain the properties of the list:
  * the first parameter represents a starting number;
  * the second parameter shows how many consecutive numbers are to be processed;
- two natural numbers and a property to search for;
- two natural numbers and two properties to search for;
- a property preceded by minus must not be present in numbers;
- separate the parameters with one space;
- enter 0 to exit.
Enter a request: > 19170 3 HAPPY
19171 is odd, happy
19200 is even, duck, gapful, happy
19209 is odd, duck, gapful, happy
Enter a request: > 0
Goodbye!
?[1;31m
Start test 39?[0m
Welcome to Amazing Numbers!
Supported requests:
- enter a natural number to know its properties;
- enter two natural numbers to obtain the properties of the list:
  * the first parameter represents a starting number;
  * the second parameter shows how many consecutive numbers are to be processed;
- two natural numbers and a property to search for;
- two natural numbers and two properties to search for;
- a property preceded by minus must not be present in numbers;
- separate the parameters with one space;
- enter 0 to exit.
Enter a request: > 22369 10 PALINDROMIC
22422 is even, palindromic, happy
22522 is even, palindromic, sad
22622 is even, palindromic, sad
22722 is even, buzz, palindromic, sad
22822 is even, palindromic, sad
22922 is even, palindromic, happy
23032 is even, duck, palindromic, sad
23132 is even, palindromic, sad
23232 is even, palindromic, gapful, jumping, sad
23332 is even, palindromic, sad
Enter a request: > 0
Goodbye!
?[1;31m
Start test 40?[0m
Welcome to Amazing Numbers!
Supported requests:
- enter a natural number to know its properties;
- enter two natural numbers to obtain the properties of the list:
  * the first parameter represents a starting number;
  * the second parameter shows how many consecutive numbers are to be processed;
- two natural numbers and a property to search for;
- two natural numbers and two properties to search for;
- a property preceded by minus must not be present in numbers;
- separate the parameters with one space;
- enter 0 to exit.
Enter a request: > 29273 7 ODD
29273 is odd, sad
29275 is odd, gapful, sad
29277 is odd, buzz, sad
29279 is odd, happy
29281 is odd, buzz, sad
29283 is odd, sad
29285 is odd, sad
Enter a request: > 0
Goodbye!
?[1;31m
Start test 41?[0m
Welcome to Amazing Numbers!
Supported requests:
- enter a natural number to know its properties;
- enter two natural numbers to obtain the properties of the list:
  * the first parameter represents a starting number;
  * the second parameter shows how many consecutive numbers are to be processed;
- two natural numbers and a property to search for;
- two natural numbers and two properties to search for;
- a property preceded by minus must not be present in numbers;
- separate the parameters with one space;
- enter 0 to exit.
Enter a request: > 20502 5 DUCK
20502 is even, duck, palindromic, sad
20503 is odd, buzz, duck, sad
20504 is even, duck, sad
20505 is odd, duck, sad
20506 is even, duck, sad
Enter a request: > 0
Goodbye!
?[1;31m
Start test 42?[0m
Welcome to Amazing Numbers!
Supported requests:
- enter a natural number to know its properties;
- enter two natural numbers to obtain the properties of the list:
  * the first parameter represents a starting number;
  * the second parameter shows how many consecutive numbers are to be processed;
- two natural numbers and a property to search for;
- two natural numbers and two properties to search for;
- a property preceded by minus must not be present in numbers;
- separate the parameters with one space;
- enter 0 to exit.
Enter a request: > 27847 14 SAD
27847 is odd, buzz, sad
27848 is even, sad
27849 is odd, sad
27850 is even, duck, sad
27851 is odd, sad
27852 is even, gapful, sad
27853 is odd, buzz, gapful, sad
27854 is even, sad
27856 is even, sad
27857 is odd, buzz, sad
27858 is even, sad
27859 is odd, sad
27860 is even, buzz, duck, gapful, sad
27861 is odd, sad
Enter a request: > 0
Goodbye!
?[1;31m
Start test 43?[0m
Welcome to Amazing Numbers!
Supported requests:
- enter a natural number to know its properties;
- enter two natural numbers to obtain the properties of the list:
  * the first parameter represents a starting number;
  * the second parameter shows how many consecutive numbers are to be processed;
- two natural numbers and a property to search for;
- two natural numbers and two properties to search for;
- a property preceded by minus must not be present in numbers;
- separate the parameters with one space;
- enter 0 to exit.
Enter a request: > 4393 1 EVEN
4394 is even, sad
Enter a request: > 0
Goodbye!
?[1;31m
Start test 44?[0m
Welcome to Amazing Numbers!
Supported requests:
- enter a natural number to know its properties;
- enter two natural numbers to obtain the properties of the list:
  * the first parameter represents a starting number;
  * the second parameter shows how many consecutive numbers are to be processed;
- two natural numbers and a property to search for;
- two natural numbers and two properties to search for;
- a property preceded by minus must not be present in numbers;
- separate the parameters with one space;
- enter 0 to exit.
Enter a request: > 26222 4 DUCK
26230 is even, duck, sad
26240 is even, duck, gapful, sad
26250 is even, buzz, duck, sad
26260 is even, duck, gapful, sad
Enter a request: > 0
Goodbye!
?[1;31m
Start test 45?[0m
Welcome to Amazing Numbers!
Supported requests:
- enter a natural number to know its properties;
- enter two natural numbers to obtain the properties of the list:
  * the first parameter represents a starting number;
  * the second parameter shows how many consecutive numbers are to be processed;
- two natural numbers and a property to search for;
- two natural numbers and two properties to search for;
- a property preceded by minus must not be present in numbers;
- separate the parameters with one space;
- enter 0 to exit.
Enter a request: > 19273 15 DUCK
19280 is even, duck, gapful, sad
19290 is even, duck, gapful, happy
19300 is even, duck, gapful, happy
19301 is odd, duck, sad
19302 is even, duck, sad
19303 is odd, duck, happy
19304 is even, duck, sad
19305 is odd, duck, gapful, sad
19306 is even, buzz, duck, sad
19307 is odd, buzz, duck, sad
19308 is even, duck, sad
19309 is odd, duck, sad
19310 is even, duck, gapful, sad
19320 is even, buzz, duck, gapful, sunny, sad
19330 is even, duck, gapful, happy
Enter a request: > 0
Goodbye!
?[1;31m
Start test 46?[0m
Welcome to Amazing Numbers!
Supported requests:
- enter a natural number to know its properties;
- enter two natural numbers to obtain the properties of the list:
  * the first parameter represents a starting number;
  * the second parameter shows how many consecutive numbers are to be processed;
- two natural numbers and a property to search for;
- two natural numbers and two properties to search for;
- a property preceded by minus must not be present in numbers;
- separate the parameters with one space;
- enter 0 to exit.
Enter a request: > 31379 6 SAD
31379 is odd, sad
31380 is even, duck, gapful, sad
31381 is odd, buzz, sad
31382 is even, sad
31383 is odd, gapful, sad
31384 is even, sad
Enter a request: > 0
Goodbye!
?[1;31m
Start test 47?[0m
Welcome to Amazing Numbers!
Supported requests:
- enter a natural number to know its properties;
- enter two natural numbers to obtain the properties of the list:
  * the first parameter represents a starting number;
  * the second parameter shows how many consecutive numbers are to be processed;
- two natural numbers and a property to search for;
- two natural numbers and two properties to search for;
- a property preceded by minus must not be present in numbers;
- separate the parameters with one space;
- enter 0 to exit.
Enter a request: > 1 10 odd girl
The property [GIRL] is wrong.
Available properties: [EVEN, ODD, BUZZ, DUCK, PALINDROMIC, GAPFUL, SPY, SUNNY, SQUARE, JUMPING, HAPPY, SAD]
Enter a request: > 0
Goodbye!
?[1;31m
Start test 48?[0m
Welcome to Amazing Numbers!
Supported requests:
- enter a natural number to know its properties;
- enter two natural numbers to obtain the properties of the list:
  * the first parameter represents a starting number;
  * the second parameter shows how many consecutive numbers are to be processed;
- two natural numbers and a property to search for;
- two natural numbers and two properties to search for;
- a property preceded by minus must not be present in numbers;
- separate the parameters with one space;
- enter 0 to exit.
Enter a request: > 40 2 even day
The property [DAY] is wrong.
Available properties: [EVEN, ODD, BUZZ, DUCK, PALINDROMIC, GAPFUL, SPY, SUNNY, SQUARE, JUMPING, HAPPY, SAD]
Enter a request: > 0
Goodbye!
?[1;31m
Start test 49?[0m
Welcome to Amazing Numbers!
Supported requests:
- enter a natural number to know its properties;
- enter two natural numbers to obtain the properties of the list:
  * the first parameter represents a starting number;
  * the second parameter shows how many consecutive numbers are to be processed;
- two natural numbers and a property to search for;
- two natural numbers and two properties to search for;
- a property preceded by minus must not be present in numbers;
- separate the parameters with one space;
- enter 0 to exit.
Enter a request: > 37 4 spy 89
The property [89] is wrong.
Available properties: [EVEN, ODD, BUZZ, DUCK, PALINDROMIC, GAPFUL, SPY, SUNNY, SQUARE, JUMPING, HAPPY, SAD]
Enter a request: > 0
Goodbye!
?[1;31m
Start test 50?[0m
Welcome to Amazing Numbers!
Supported requests:
- enter a natural number to know its properties;
- enter two natural numbers to obtain the properties of the list:
  * the first parameter represents a starting number;
  * the second parameter shows how many consecutive numbers are to be processed;
- two natural numbers and a property to search for;
- two natural numbers and two properties to search for;
- a property preceded by minus must not be present in numbers;
- separate the parameters with one space;
- enter 0 to exit.
Enter a request: > 67 2 DUCK +
The property [+] is wrong.
Available properties: [EVEN, ODD, BUZZ, DUCK, PALINDROMIC, GAPFUL, SPY, SUNNY, SQUARE, JUMPING, HAPPY, SAD]
Enter a request: > 0
Goodbye!
?[1;31m
Start test 51?[0m
Welcome to Amazing Numbers!
Supported requests:
- enter a natural number to know its properties;
- enter two natural numbers to obtain the properties of the list:
  * the first parameter represents a starting number;
  * the second parameter shows how many consecutive numbers are to be processed;
- two natural numbers and a property to search for;
- two natural numbers and two properties to search for;
- a property preceded by minus must not be present in numbers;
- separate the parameters with one space;
- enter 0 to exit.
Enter a request: > 1 10 boy friend
The properties [BOY, FRIEND] are wrong.
Available properties: [EVEN, ODD, BUZZ, DUCK, PALINDROMIC, GAPFUL, SPY, SUNNY, SQUARE, JUMPING, HAPPY, SAD]
Enter a request: > 0
Goodbye!
?[1;31m
Start test 52?[0m
Welcome to Amazing Numbers!
Supported requests:
- enter a natural number to know its properties;
- enter two natural numbers to obtain the properties of the list:
  * the first parameter represents a starting number;
  * the second parameter shows how many consecutive numbers are to be processed;
- two natural numbers and a property to search for;
- two natural numbers and two properties to search for;
- a property preceded by minus must not be present in numbers;
- separate the parameters with one space;
- enter 0 to exit.
Enter a request: > 40 2 long day
The properties [LONG, DAY] are wrong.
Available properties: [EVEN, ODD, BUZZ, DUCK, PALINDROMIC, GAPFUL, SPY, SUNNY, SQUARE, JUMPING, HAPPY, SAD]
Enter a request: > 0
Goodbye!
?[1;31m
Start test 53?[0m
Welcome to Amazing Numbers!
Supported requests:
- enter a natural number to know its properties;
- enter two natural numbers to obtain the properties of the list:
  * the first parameter represents a starting number;
  * the second parameter shows how many consecutive numbers are to be processed;
- two natural numbers and a property to search for;
- two natural numbers and two properties to search for;
- a property preceded by minus must not be present in numbers;
- separate the parameters with one space;
- enter 0 to exit.
Enter a request: > 37 4 hot girl
The properties [HOT, GIRL] are wrong.
Available properties: [EVEN, ODD, BUZZ, DUCK, PALINDROMIC, GAPFUL, SPY, SUNNY, SQUARE, JUMPING, HAPPY, SAD]
Enter a request: > 0
Goodbye!
?[1;31m
Start test 54?[0m
Welcome to Amazing Numbers!
Supported requests:
- enter a natural number to know its properties;
- enter two natural numbers to obtain the properties of the list:
  * the first parameter represents a starting number;
  * the second parameter shows how many consecutive numbers are to be processed;
- two natural numbers and a property to search for;
- two natural numbers and two properties to search for;
- a property preceded by minus must not be present in numbers;
- separate the parameters with one space;
- enter 0 to exit.
Enter a request: > 67 2 strong drake
The properties [STRONG, DRAKE] are wrong.
Available properties: [EVEN, ODD, BUZZ, DUCK, PALINDROMIC, GAPFUL, SPY, SUNNY, SQUARE, JUMPING, HAPPY, SAD]
Enter a request: > 0
Goodbye!
?[1;31m
Start test 55?[0m
Welcome to Amazing Numbers!
Supported requests:
- enter a natural number to know its properties;
- enter two natural numbers to obtain the properties of the list:
  * the first parameter represents a starting number;
  * the second parameter shows how many consecutive numbers are to be processed;
- two natural numbers and a property to search for;
- two natural numbers and two properties to search for;
- a property preceded by minus must not be present in numbers;
- separate the parameters with one space;
- enter 0 to exit.
Enter a request: > 1 7 even spy
2 is even, palindromic, spy, jumping, sad
4 is even, palindromic, spy, square, jumping, sad
6 is even, palindromic, spy, jumping, sad
8 is even, palindromic, spy, sunny, jumping, sad
22 is even, palindromic, spy, sad
132 is even, gapful, spy, sad
312 is even, spy, sad
Enter a request: > 0
Goodbye!
?[1;31m
Start test 56?[0m
Welcome to Amazing Numbers!
Supported requests:
- enter a natural number to know its properties;
- enter two natural numbers to obtain the properties of the list:
  * the first parameter represents a starting number;
  * the second parameter shows how many consecutive numbers are to be processed;
- two natural numbers and a property to search for;
- two natural numbers and two properties to search for;
- a property preceded by minus must not be present in numbers;
- separate the parameters with one space;
- enter 0 to exit.
Enter a request: > 1 10 odd buzz
7 is odd, buzz, palindromic, spy, jumping, happy
17 is odd, buzz, sad
21 is odd, buzz, jumping, sad
27 is odd, buzz, sad
35 is odd, buzz, sunny, sad
37 is odd, buzz, sad
47 is odd, buzz, sad
49 is odd, buzz, square, happy
57 is odd, buzz, sad
63 is odd, buzz, sunny, sad
Enter a request: > 0
Goodbye!
?[1;31m
Start test 57?[0m
Welcome to Amazing Numbers!
Supported requests:
- enter a natural number to know its properties;
- enter two natural numbers to obtain the properties of the list:
  * the first parameter represents a starting number;
  * the second parameter shows how many consecutive numbers are to be processed;
- two natural numbers and a property to search for;
- two natural numbers and two properties to search for;
- a property preceded by minus must not be present in numbers;
- separate the parameters with one space;
- enter 0 to exit.
Enter a request: > 1 9 buzz gapful
105 is odd, buzz, duck, gapful, sad
140 is even, buzz, duck, gapful, sad
154 is even, buzz, gapful, sad
187 is odd, buzz, gapful, sad
231 is odd, buzz, gapful, spy, sad
280 is even, buzz, duck, gapful, happy
297 is odd, buzz, gapful, sad
315 is odd, buzz, gapful, sad
385 is odd, buzz, gapful, sad
Enter a request: > 0
Goodbye!
?[1;31m
Start test 58?[0m
Welcome to Amazing Numbers!
Supported requests:
- enter a natural number to know its properties;
- enter two natural numbers to obtain the properties of the list:
  * the first parameter represents a starting number;
  * the second parameter shows how many consecutive numbers are to be processed;
- two natural numbers and a property to search for;
- two natural numbers and two properties to search for;
- a property preceded by minus must not be present in numbers;
- separate the parameters with one space;
- enter 0 to exit.
Enter a request: > 1 10 spy buzz
7 is odd, buzz, palindromic, spy, jumping, happy
231 is odd, buzz, gapful, spy, sad
1421 is odd, buzz, spy, sad
2114 is even, buzz, spy, sad
15211 is odd, buzz, spy, happy
21511 is odd, buzz, spy, happy
22211 is odd, buzz, spy, sad
31311 is odd, buzz, spy, sad
51121 is odd, buzz, spy, happy
111216 is even, buzz, gapful, spy, happy
Enter a request: > 0
Goodbye!
?[1;31m
Start test 59?[0m
Welcome to Amazing Numbers!
Supported requests:
- enter a natural number to know its properties;
- enter two natural numbers to obtain the properties of the list:
  * the first parameter represents a starting number;
  * the second parameter shows how many consecutive numbers are to be processed;
- two natural numbers and a property to search for;
- two natural numbers and two properties to search for;
- a property preceded by minus must not be present in numbers;
- separate the parameters with one space;
- enter 0 to exit.
Enter a request: > 100000 2 even spy
111126 is even, spy, happy
111162 is even, spy, happy
Enter a request: > 0
Goodbye!
?[1;31m
Start test 60?[0m
Welcome to Amazing Numbers!
Supported requests:
- enter a natural number to know its properties;
- enter two natural numbers to obtain the properties of the list:
  * the first parameter represents a starting number;
  * the second parameter shows how many consecutive numbers are to be processed;
- two natural numbers and a property to search for;
- two natural numbers and two properties to search for;
- a property preceded by minus must not be present in numbers;
- separate the parameters with one space;
- enter 0 to exit.
Enter a request: > 100 4 odd gapful
105 is odd, buzz, duck, gapful, sad
121 is odd, palindromic, gapful, square, jumping, sad
135 is odd, gapful, sad
143 is odd, gapful, sunny, sad
Enter a request: > 0
Goodbye!
?[1;31m
Start test 61?[0m
Welcome to Amazing Numbers!
Supported requests:
- enter a natural number to know its properties;
- enter two natural numbers to obtain the properties of the list:
  * the first parameter represents a starting number;
  * the second parameter shows how many consecutive numbers are to be processed;
- two natural numbers and a property to search for;
- two natural numbers and two properties to search for;
- a property preceded by minus must not be present in numbers;
- separate the parameters with one space;
- enter 0 to exit.
Enter a request: > 2000 4 palindromic duck
2002 is even, buzz, duck, palindromic, gapful, sad
3003 is odd, buzz, duck, palindromic, gapful, sad
4004 is even, buzz, duck, palindromic, gapful, happy
5005 is odd, buzz, duck, palindromic, gapful, sad
Enter a request: > 0
Goodbye!
?[1;31m
Start test 62?[0m
Welcome to Amazing Numbers!
Supported requests:
- enter a natural number to know its properties;
- enter two natural numbers to obtain the properties of the list:
  * the first parameter represents a starting number;
  * the second parameter shows how many consecutive numbers are to be processed;
- two natural numbers and a property to search for;
- two natural numbers and two properties to search for;
- a property preceded by minus must not be present in numbers;
- separate the parameters with one space;
- enter 0 to exit.
Enter a request: > 26534 3 buzz evens palindromic
The property [EVENS] is wrong.
Available properties: [EVEN, ODD, BUZZ, DUCK, PALINDROMIC, GAPFUL, SPY, SUNNY, SQUARE, JUMPING, HAPPY, SAD]
Enter a request: > 0
Goodbye!
?[1;31m
Start test 63?[0m
Welcome to Amazing Numbers!
Supported requests:
- enter a natural number to know its properties;
- enter two natural numbers to obtain the properties of the list:
  * the first parameter represents a starting number;
  * the second parameter shows how many consecutive numbers are to be processed;
- two natural numbers and a property to search for;
- two natural numbers and two properties to search for;
- a property preceded by minus must not be present in numbers;
- separate the parameters with one space;
- enter 0 to exit.
Enter a request: > 4384 2 odd -buzz -palindromic shiny gapful
The property [SHINY] is wrong.
Available properties: [EVEN, ODD, BUZZ, DUCK, PALINDROMIC, GAPFUL, SPY, SUNNY, SQUARE, JUMPING, HAPPY, SAD]
Enter a request: > 0
Goodbye!
?[1;31m
Start test 64?[0m
Welcome to Amazing Numbers!
Supported requests:
- enter a natural number to know its properties;
- enter two natural numbers to obtain the properties of the list:
  * the first parameter represents a starting number;
  * the second parameter shows how many consecutive numbers are to be processed;
- two natural numbers and a property to search for;
- two natural numbers and two properties to search for;
- a property preceded by minus must not be present in numbers;
- separate the parameters with one space;
- enter 0 to exit.
Enter a request: > 1 7 hot sunny odd odd -even
The property [HOT] is wrong.
Available properties: [EVEN, ODD, BUZZ, DUCK, PALINDROMIC, GAPFUL, SPY, SUNNY, SQUARE, JUMPING, HAPPY, SAD]
Enter a request: > 0
Goodbye!
?[1;31m
Start test 65?[0m
Welcome to Amazing Numbers!
Supported requests:
- enter a natural number to know its properties;
- enter two natural numbers to obtain the properties of the list:
  * the first parameter represents a starting number;
  * the second parameter shows how many consecutive numbers are to be processed;
- two natural numbers and a property to search for;
- two natural numbers and two properties to search for;
- a property preceded by minus must not be present in numbers;
- separate the parameters with one space;
- enter 0 to exit.
Enter a request: > 78343 4 sunny -duck mac odd
The property [MAC] is wrong.
Available properties: [EVEN, ODD, BUZZ, DUCK, PALINDROMIC, GAPFUL, SPY, SUNNY, SQUARE, JUMPING, HAPPY, SAD]
Enter a request: > 0
Goodbye!
?[1;31m
Start test 66?[0m
Welcome to Amazing Numbers!
Supported requests:
- enter a natural number to know its properties;
- enter two natural numbers to obtain the properties of the list:
  * the first parameter represents a starting number;
  * the second parameter shows how many consecutive numbers are to be processed;
- two natural numbers and a property to search for;
- two natural numbers and two properties to search for;
- a property preceded by minus must not be present in numbers;
- separate the parameters with one space;
- enter 0 to exit.
Enter a request: > 3 4 -even -sunny -hot
The property [HOT] is wrong.
Available properties: [EVEN, ODD, BUZZ, DUCK, PALINDROMIC, GAPFUL, SPY, SUNNY, SQUARE, JUMPING, HAPPY, SAD]
Enter a request: > 0
Goodbye!
?[1;31m
Start test 67?[0m
Welcome to Amazing Numbers!
Supported requests:
- enter a natural number to know its properties;
- enter two natural numbers to obtain the properties of the list:
  * the first parameter represents a starting number;
  * the second parameter shows how many consecutive numbers are to be processed;
- two natural numbers and a property to search for;
- two natural numbers and two properties to search for;
- a property preceded by minus must not be present in numbers;
- separate the parameters with one space;
- enter 0 to exit.
Enter a request: > 1 7 odd spy palindromic
1 is odd, palindromic, spy, square, jumping, happy
3 is odd, palindromic, spy, sunny, jumping, sad
5 is odd, palindromic, spy, jumping, sad
7 is odd, buzz, palindromic, spy, jumping, happy
9 is odd, palindromic, spy, square, jumping, sad
12221 is odd, palindromic, gapful, spy, sad
13131 is odd, palindromic, spy, sad
Enter a request: > 0
Goodbye!
?[1;31m
Start test 68?[0m
Welcome to Amazing Numbers!
Supported requests:
- enter a natural number to know its properties;
- enter two natural numbers to obtain the properties of the list:
  * the first parameter represents a starting number;
  * the second parameter shows how many consecutive numbers are to be processed;
- two natural numbers and a property to search for;
- two natural numbers and two properties to search for;
- a property preceded by minus must not be present in numbers;
- separate the parameters with one space;
- enter 0 to exit.
Enter a request: > 1 10 even palindromic duck buzz
2002 is even, buzz, duck, palindromic, gapful, sad
4004 is even, buzz, duck, palindromic, gapful, happy
6006 is even, buzz, duck, palindromic, gapful, sad
8008 is even, buzz, duck, palindromic, gapful, sad
20202 is even, buzz, duck, palindromic, sad
20902 is even, buzz, duck, palindromic, sad
22022 is even, buzz, duck, palindromic, gapful, sad
29092 is even, buzz, duck, palindromic, sad
40404 is even, buzz, duck, palindromic, sad
44044 is even, buzz, duck, palindromic, gapful, sad
Enter a request: > 0
Goodbye!
?[1;31m
Start test 69?[0m
Welcome to Amazing Numbers!
Supported requests:
- enter a natural number to know its properties;
- enter two natural numbers to obtain the properties of the list:
  * the first parameter represents a starting number;
  * the second parameter shows how many consecutive numbers are to be processed;
- two natural numbers and a property to search for;
- two natural numbers and two properties to search for;
- a property preceded by minus must not be present in numbers;
- separate the parameters with one space;
- enter 0 to exit.
Enter a request: > 1 9 even palindromic duck buzz gapful
2002 is even, buzz, duck, palindromic, gapful, sad
4004 is even, buzz, duck, palindromic, gapful, happy
6006 is even, buzz, duck, palindromic, gapful, sad
8008 is even, buzz, duck, palindromic, gapful, sad
22022 is even, buzz, duck, palindromic, gapful, sad
44044 is even, buzz, duck, palindromic, gapful, sad
66066 is even, buzz, duck, palindromic, gapful, sad
88088 is even, buzz, duck, palindromic, gapful, sad
202202 is even, buzz, duck, palindromic, gapful, sad
Enter a request: > 0
Goodbye!
?[1;31m
Start test 70?[0m
Welcome to Amazing Numbers!
Supported requests:
- enter a natural number to know its properties;
- enter two natural numbers to obtain the properties of the list:
  * the first parameter represents a starting number;
  * the second parameter shows how many consecutive numbers are to be processed;
- two natural numbers and a property to search for;
- two natural numbers and two properties to search for;
- a property preceded by minus must not be present in numbers;
- separate the parameters with one space;
- enter 0 to exit.
Enter a request: > 1 10 even sunny duck buzz gapful
1680 is even, buzz, duck, gapful, sunny, sad
4760 is even, buzz, duck, gapful, sunny, sad
9408 is even, buzz, duck, gapful, sunny, sad
12320 is even, buzz, duck, gapful, sunny, sad
19320 is even, buzz, duck, gapful, sunny, sad
19880 is even, buzz, duck, gapful, sunny, sad
23408 is even, buzz, duck, gapful, sunny, sad
24024 is even, buzz, duck, gapful, sunny, sad
28560 is even, buzz, duck, gapful, sunny, happy
32760 is even, buzz, duck, gapful, sunny, sad
Enter a request: > 0
Goodbye!
?[1;31m
Start test 71?[0m
Welcome to Amazing Numbers!
Supported requests:
- enter a natural number to know its properties;
- enter two natural numbers to obtain the properties of the list:
  * the first parameter represents a starting number;
  * the second parameter shows how many consecutive numbers are to be processed;
- two natural numbers and a property to search for;
- two natural numbers and two properties to search for;
- a property preceded by minus must not be present in numbers;
- separate the parameters with one space;
- enter 0 to exit.
Enter a request: > 100000 2 even spy buzz gapful
111216 is even, buzz, gapful, spy, happy
161112 is even, buzz, gapful, spy, happy
Enter a request: > 0
Goodbye!
?[1;31m
Start test 72?[0m
Welcome to Amazing Numbers!
Supported requests:
- enter a natural number to know its properties;
- enter two natural numbers to obtain the properties of the list:
  * the first parameter represents a starting number;
  * the second parameter shows how many consecutive numbers are to be processed;
- two natural numbers and a property to search for;
- two natural numbers and two properties to search for;
- a property preceded by minus must not be present in numbers;
- separate the parameters with one space;
- enter 0 to exit.
Enter a request: > 100 4 odd spy gapful
231 is odd, buzz, gapful, spy, sad
12221 is odd, palindromic, gapful, spy, sad
216111 is odd, buzz, gapful, spy, happy
1111341 is odd, buzz, gapful, spy, sad
Enter a request: > 0
Goodbye!
?[1;31m
Start test 73?[0m
Welcome to Amazing Numbers!
Supported requests:
- enter a natural number to know its properties;
- enter two natural numbers to obtain the properties of the list:
  * the first parameter represents a starting number;
  * the second parameter shows how many consecutive numbers are to be processed;
- two natural numbers and a property to search for;
- two natural numbers and two properties to search for;
- a property preceded by minus must not be present in numbers;
- separate the parameters with one space;
- enter 0 to exit.
Enter a request: > 2000 4 even palindromic duck
2002 is even, buzz, duck, palindromic, gapful, sad
4004 is even, buzz, duck, palindromic, gapful, happy
6006 is even, buzz, duck, palindromic, gapful, sad
8008 is even, buzz, duck, palindromic, gapful, sad
Enter a request: > 0
Goodbye!
?[1;31m
Start test 74?[0m
Welcome to Amazing Numbers!
Supported requests:
- enter a natural number to know its properties;
- enter two natural numbers to obtain the properties of the list:
  * the first parameter represents a starting number;
  * the second parameter shows how many consecutive numbers are to be processed;
- two natural numbers and a property to search for;
- two natural numbers and two properties to search for;
- a property preceded by minus must not be present in numbers;
- separate the parameters with one space;
- enter 0 to exit.
Enter a request: > 1 15 odd spy -duck spy buzz
7 is odd, buzz, palindromic, spy, jumping, happy
231 is odd, buzz, gapful, spy, sad
1421 is odd, buzz, spy, sad
15211 is odd, buzz, spy, happy
21511 is odd, buzz, spy, happy
22211 is odd, buzz, spy, sad
31311 is odd, buzz, spy, sad
51121 is odd, buzz, spy, happy
112161 is odd, buzz, spy, happy
121611 is odd, buzz, spy, happy
216111 is odd, buzz, gapful, spy, happy
611121 is odd, buzz, spy, happy
1111127 is odd, buzz, spy, sad
1111217 is odd, buzz, spy, sad
1111271 is odd, buzz, spy, sad
Enter a request: > 0
Goodbye!
?[1;31m
Start test 75?[0m
Welcome to Amazing Numbers!
Supported requests:
- enter a natural number to know its properties;
- enter two natural numbers to obtain the properties of the list:
  * the first parameter represents a starting number;
  * the second parameter shows how many consecutive numbers are to be processed;
- two natural numbers and a property to search for;
- two natural numbers and two properties to search for;
- a property preceded by minus must not be present in numbers;
- separate the parameters with one space;
- enter 0 to exit.
Enter a request: > 1 2 jumping happy -spy
10 is even, duck, jumping, happy
23 is odd, jumping, happy
Enter a request: > 0
Goodbye!
?[1;31m
Start test 76?[0m
Welcome to Amazing Numbers!
Supported requests:
- enter a natural number to know its properties;
- enter two natural numbers to obtain the properties of the list:
  * the first parameter represents a starting number;
  * the second parameter shows how many consecutive numbers are to be processed;
- two natural numbers and a property to search for;
- two natural numbers and two properties to search for;
- a property preceded by minus must not be present in numbers;
- separate the parameters with one space;
- enter 0 to exit.
Enter a request: > 5 1 odd even
The request contains mutually exclusive properties: [ODD, EVEN]
There are no numbers with these properties.
Enter a request: > 0
Goodbye!
?[1;31m
Start test 77?[0m
Welcome to Amazing Numbers!
Supported requests:
- enter a natural number to know its properties;
- enter two natural numbers to obtain the properties of the list:
  * the first parameter represents a starting number;
  * the second parameter shows how many consecutive numbers are to be processed;
- two natural numbers and a property to search for;
- two natural numbers and two properties to search for;
- a property preceded by minus must not be present in numbers;
- separate the parameters with one space;
- enter 0 to exit.
Enter a request: > 4 3 even odd
The request contains mutually exclusive properties: [ODD, EVEN]
There are no numbers with these properties.
Enter a request: > 0
Goodbye!
?[1;31m
Start test 78?[0m
Welcome to Amazing Numbers!
Supported requests:
- enter a natural number to know its properties;
- enter two natural numbers to obtain the properties of the list:
  * the first parameter represents a starting number;
  * the second parameter shows how many consecutive numbers are to be processed;
- two natural numbers and a property to search for;
- two natural numbers and two properties to search for;
- a property preceded by minus must not be present in numbers;
- separate the parameters with one space;
- enter 0 to exit.
Enter a request: > 32 2 sunny square
The request contains mutually exclusive properties: [SUNNY, SQUARE]
There are no numbers with these properties.
Enter a request: > 0
Goodbye!
?[1;31m
Start test 79?[0m
Welcome to Amazing Numbers!
Supported requests:
- enter a natural number to know its properties;
- enter two natural numbers to obtain the properties of the list:
  * the first parameter represents a starting number;
  * the second parameter shows how many consecutive numbers are to be processed;
- two natural numbers and a property to search for;
- two natural numbers and two properties to search for;
- a property preceded by minus must not be present in numbers;
- separate the parameters with one space;
- enter 0 to exit.
Enter a request: > 3153 2 spy duck
The request contains mutually exclusive properties: [SPY, DUCK]
There are no numbers with these properties.
Enter a request: > 0
Goodbye!
?[1;31m
Start test 80?[0m
Welcome to Amazing Numbers!
Supported requests:
- enter a natural number to know its properties;
- enter two natural numbers to obtain the properties of the list:
  * the first parameter represents a starting number;
  * the second parameter shows how many consecutive numbers are to be processed;
- two natural numbers and a property to search for;
- two natural numbers and two properties to search for;
- a property preceded by minus must not be present in numbers;
- separate the parameters with one space;
- enter 0 to exit.
Enter a request: > 6 7 duck spy
The request contains mutually exclusive properties: [SPY, DUCK]
There are no numbers with these properties.
Enter a request: > 0
Goodbye!
?[1;31m
Start test 81?[0m
Welcome to Amazing Numbers!
Supported requests:
- enter a natural number to know its properties;
- enter two natural numbers to obtain the properties of the list:
  * the first parameter represents a starting number;
  * the second parameter shows how many consecutive numbers are to be processed;
- two natural numbers and a property to search for;
- two natural numbers and two properties to search for;
- a property preceded by minus must not be present in numbers;
- separate the parameters with one space;
- enter 0 to exit.
Enter a request: > 1 2 spy odd sunny even
The request contains mutually exclusive properties: [ODD, EVEN]
There are no numbers with these properties.
Enter a request: > 0
Goodbye!
?[1;31m
Start test 82?[0m
Welcome to Amazing Numbers!
Supported requests:
- enter a natural number to know its properties;
- enter two natural numbers to obtain the properties of the list:
  * the first parameter represents a starting number;
  * the second parameter shows how many consecutive numbers are to be processed;
- two natural numbers and a property to search for;
- two natural numbers and two properties to search for;
- a property preceded by minus must not be present in numbers;
- separate the parameters with one space;
- enter 0 to exit.
Enter a request: > 7 2 sunny even duck buzz square
The request contains mutually exclusive properties: [SUNNY, SQUARE]
There are no numbers with these properties.
Enter a request: > 0
Goodbye!
?[1;31m
Start test 83?[0m
Welcome to Amazing Numbers!
Supported requests:
- enter a natural number to know its properties;
- enter two natural numbers to obtain the properties of the list:
  * the first parameter represents a starting number;
  * the second parameter shows how many consecutive numbers are to be processed;
- two natural numbers and a property to search for;
- two natural numbers and two properties to search for;
- a property preceded by minus must not be present in numbers;
- separate the parameters with one space;
- enter 0 to exit.
Enter a request: > 9 5 even spy buzz duck
The request contains mutually exclusive properties: [SPY, DUCK]
There are no numbers with these properties.
Enter a request: > 0
Goodbye!
?[1;31m
Start test 84?[0m
Welcome to Amazing Numbers!
Supported requests:
- enter a natural number to know its properties;
- enter two natural numbers to obtain the properties of the list:
  * the first parameter represents a starting number;
  * the second parameter shows how many consecutive numbers are to be processed;
- two natural numbers and a property to search for;
- two natural numbers and two properties to search for;
- a property preceded by minus must not be present in numbers;
- separate the parameters with one space;
- enter 0 to exit.
Enter a request: > 6 6 -odd -even
The request contains mutually exclusive properties: [-ODD, -EVEN]
There are no numbers with these properties.
Enter a request: > 0
Goodbye!
?[1;31m
Start test 85?[0m
Welcome to Amazing Numbers!
Supported requests:
- enter a natural number to know its properties;
- enter two natural numbers to obtain the properties of the list:
  * the first parameter represents a starting number;
  * the second parameter shows how many consecutive numbers are to be processed;
- two natural numbers and a property to search for;
- two natural numbers and two properties to search for;
- a property preceded by minus must not be present in numbers;
- separate the parameters with one space;
- enter 0 to exit.
Enter a request: > 6 7 odd -odd
The request contains mutually exclusive properties: [ODD, -ODD]
There are no numbers with these properties.
Enter a request: > 0
Goodbye!
?[1;31m
Start test 86?[0m
Welcome to Amazing Numbers!
Supported requests:
- enter a natural number to know its properties;
- enter two natural numbers to obtain the properties of the list:
  * the first parameter represents a starting number;
  * the second parameter shows how many consecutive numbers are to be processed;
- two natural numbers and a property to search for;
- two natural numbers and two properties to search for;
- a property preceded by minus must not be present in numbers;
- separate the parameters with one space;
- enter 0 to exit.
Enter a request: > 8 1 -even even
The request contains mutually exclusive properties: [EVEN, -EVEN]
There are no numbers with these properties.
Enter a request: > 0
Goodbye!
?[1;31m
Start test 87?[0m
Welcome to Amazing Numbers!
Supported requests:
- enter a natural number to know its properties;
- enter two natural numbers to obtain the properties of the list:
  * the first parameter represents a starting number;
  * the second parameter shows how many consecutive numbers are to be processed;
- two natural numbers and a property to search for;
- two natural numbers and two properties to search for;
- a property preceded by minus must not be present in numbers;
- separate the parameters with one space;
- enter 0 to exit.
Enter a request: > 3 5 odd duck buzz -duck sunny
The request contains mutually exclusive properties: [DUCK, -DUCK]
There are no numbers with these properties.
Enter a request: > 0
Goodbye!
?[1;31m
Start test 88?[0m
Welcome to Amazing Numbers!
Supported requests:
- enter a natural number to know its properties;
- enter two natural numbers to obtain the properties of the list:
  * the first parameter represents a starting number;
  * the second parameter shows how many consecutive numbers are to be processed;
- two natural numbers and a property to search for;
- two natural numbers and two properties to search for;
- a property preceded by minus must not be present in numbers;
- separate the parameters with one space;
- enter 0 to exit.
Enter a request: > 1 15 -EVEN
1 is odd, palindromic, spy, square, jumping, happy
3 is odd, palindromic, spy, sunny, jumping, sad
5 is odd, palindromic, spy, jumping, sad
7 is odd, buzz, palindromic, spy, jumping, happy
9 is odd, palindromic, spy, square, jumping, sad
11 is odd, palindromic, sad
13 is odd, happy
15 is odd, sunny, sad
17 is odd, buzz, sad
19 is odd, happy
21 is odd, buzz, jumping, sad
23 is odd, jumping, happy
25 is odd, square, sad
27 is odd, buzz, sad
29 is odd, sad
Enter a request: > 1 15 -ODD
2 is even, palindromic, spy, jumping, sad
4 is even, palindromic, spy, square, jumping, sad
6 is even, palindromic, spy, jumping, sad
8 is even, palindromic, spy, sunny, jumping, sad
10 is even, duck, jumping, happy
12 is even, jumping, sad
14 is even, buzz, sad
16 is even, square, sad
18 is even, sad
20 is even, duck, sad
22 is even, palindromic, spy, sad
24 is even, sunny, sad
26 is even, sad
28 is even, buzz, happy
30 is even, duck, sad
Enter a request: > 1 15 -BUZZ
1 is odd, palindromic, spy, square, jumping, happy
2 is even, palindromic, spy, jumping, sad
3 is odd, palindromic, spy, sunny, jumping, sad
4 is even, palindromic, spy, square, jumping, sad
5 is odd, palindromic, spy, jumping, sad
6 is even, palindromic, spy, jumping, sad
8 is even, palindromic, spy, sunny, jumping, sad
9 is odd, palindromic, spy, square, jumping, sad
10 is even, duck, jumping, happy
11 is odd, palindromic, sad
12 is even, jumping, sad
13 is odd, happy
15 is odd, sunny, sad
16 is even, square, sad
18 is even, sad
Enter a request: > 1 15 -DUCK
1 is odd, palindromic, spy, square, jumping, happy
2 is even, palindromic, spy, jumping, sad
3 is odd, palindromic, spy, sunny, jumping, sad
4 is even, palindromic, spy, square, jumping, sad
5 is odd, palindromic, spy, jumping, sad
6 is even, palindromic, spy, jumping, sad
7 is odd, buzz, palindromic, spy, jumping, happy
8 is even, palindromic, spy, sunny, jumping, sad
9 is odd, palindromic, spy, square, jumping, sad
11 is odd, palindromic, sad
12 is even, jumping, sad
13 is odd, happy
14 is even, buzz, sad
15 is odd, sunny, sad
16 is even, square, sad
Enter a request: > 1 15 -PALINDROMIC
10 is even, duck, jumping, happy
12 is even, jumping, sad
13 is odd, happy
14 is even, buzz, sad
15 is odd, sunny, sad
16 is even, square, sad
17 is odd, buzz, sad
18 is even, sad
19 is odd, happy
20 is even, duck, sad
21 is odd, buzz, jumping, sad
23 is odd, jumping, happy
24 is even, sunny, sad
25 is odd, square, sad
26 is even, sad
Enter a request: > 1 15 -GAPFUL
1 is odd, palindromic, spy, square, jumping, happy
2 is even, palindromic, spy, jumping, sad
3 is odd, palindromic, spy, sunny, jumping, sad
4 is even, palindromic, spy, square, jumping, sad
5 is odd, palindromic, spy, jumping, sad
6 is even, palindromic, spy, jumping, sad
7 is odd, buzz, palindromic, spy, jumping, happy
8 is even, palindromic, spy, sunny, jumping, sad
9 is odd, palindromic, spy, square, jumping, sad
10 is even, duck, jumping, happy
11 is odd, palindromic, sad
12 is even, jumping, sad
13 is odd, happy
14 is even, buzz, sad
15 is odd, sunny, sad
Enter a request: > 1 15 -SPY
10 is even, duck, jumping, happy
11 is odd, palindromic, sad
12 is even, jumping, sad
13 is odd, happy
14 is even, buzz, sad
15 is odd, sunny, sad
16 is even, square, sad
17 is odd, buzz, sad
18 is even, sad
19 is odd, happy
20 is even, duck, sad
21 is odd, buzz, jumping, sad
23 is odd, jumping, happy
24 is even, sunny, sad
25 is odd, square, sad
Enter a request: > 1 15 -SQUARE
2 is even, palindromic, spy, jumping, sad
3 is odd, palindromic, spy, sunny, jumping, sad
5 is odd, palindromic, spy, jumping, sad
6 is even, palindromic, spy, jumping, sad
7 is odd, buzz, palindromic, spy, jumping, happy
8 is even, palindromic, spy, sunny, jumping, sad
10 is even, duck, jumping, happy
11 is odd, palindromic, sad
12 is even, jumping, sad
13 is odd, happy
14 is even, buzz, sad
15 is odd, sunny, sad
17 is odd, buzz, sad
18 is even, sad
19 is odd, happy
Enter a request: > 1 15 -SUNNY
1 is odd, palindromic, spy, square, jumping, happy
2 is even, palindromic, spy, jumping, sad
4 is even, palindromic, spy, square, jumping, sad
5 is odd, palindromic, spy, jumping, sad
6 is even, palindromic, spy, jumping, sad
7 is odd, buzz, palindromic, spy, jumping, happy
9 is odd, palindromic, spy, square, jumping, sad
10 is even, duck, jumping, happy
11 is odd, palindromic, sad
12 is even, jumping, sad
13 is odd, happy
14 is even, buzz, sad
16 is even, square, sad
17 is odd, buzz, sad
18 is even, sad
Enter a request: > 1 15 -JUMPING
11 is odd, palindromic, sad
13 is odd, happy
14 is even, buzz, sad
15 is odd, sunny, sad
16 is even, square, sad
17 is odd, buzz, sad
18 is even, sad
19 is odd, happy
20 is even, duck, sad
22 is even, palindromic, spy, sad
24 is even, sunny, sad
25 is odd, square, sad
26 is even, sad
27 is odd, buzz, sad
28 is even, buzz, happy
Enter a request: > 1 15 -HAPPY
2 is even, palindromic, spy, jumping, sad
3 is odd, palindromic, spy, sunny, jumping, sad
4 is even, palindromic, spy, square, jumping, sad
5 is odd, palindromic, spy, jumping, sad
6 is even, palindromic, spy, jumping, sad
8 is even, palindromic, spy, sunny, jumping, sad
9 is odd, palindromic, spy, square, jumping, sad
11 is odd, palindromic, sad
12 is even, jumping, sad
14 is even, buzz, sad
15 is odd, sunny, sad
16 is even, square, sad
17 is odd, buzz, sad
18 is even, sad
20 is even, duck, sad
Enter a request: > 1 15 -SAD
1 is odd, palindromic, spy, square, jumping, happy
7 is odd, buzz, palindromic, spy, jumping, happy
10 is even, duck, jumping, happy
13 is odd, happy
19 is odd, happy
23 is odd, jumping, happy
28 is even, buzz, happy
31 is odd, happy
32 is even, jumping, happy
44 is even, palindromic, happy
49 is odd, buzz, square, happy
68 is even, happy
70 is even, buzz, duck, happy
79 is odd, happy
82 is even, happy
Enter a request: > 0
Goodbye!
]]></system-out>
  <system-err><![CDATA[]]></system-err>
</testsuite>
